  player.cpp
  bullet.cpp
  コードを生成中...
  スキップ中... (関連する変更は検出されませんでした)
  title.cpp
  sound.cpp
  score.cpp
  resultscore.cpp
  result.cpp
  main.cpp
  hp_mark.cpp
  hp.cpp
  game.cpp
  fade.cpp
  explosion.cpp
  enemy_bullet.cpp
  enemy.cpp
  effect.cpp
  clear.cpp
  bg.cpp
  DirectX000.vcxproj -> C:\Users\student\OneDrive\ドキュメント\Visual Studio 2015\Projects\DirectX000\Debug\DirectX000.exe
  DirectX000.vcxproj -> C:\Users\student\OneDrive\ドキュメント\Visual Studio 2015\Projects\DirectX000\Debug\DirectX000.pdb (Full PDB)
